<?xml version="1.0" encoding="UTF-8"?>
<!-- Generated by org.testng.reporters.JUnitReportReporter -->
<testsuite hostname="RGCWP16JWC" failures="0" tests="3" name="runners.TestRunnerTestNg" time="35.089" errors="0" timestamp="2025-03-12T20:28:10 WIB" skipped="0">
  <testcase classname="runners.TestRunnerTestNg" name="runScenario" time="12.923"/>
  <testcase classname="runners.TestRunnerTestNg" name="runScenario" time="12.907"/>
  <testcase classname="runners.TestRunnerTestNg" name="runScenario" time="9.259"/>
</testsuite> <!-- runners.TestRunnerTestNg -->
