<?xml version="1.0" encoding="UTF-8"?>
<!-- Generated by org.testng.reporters.JUnitReportReporter -->
<testsuite hostname="RGCWP16JWC" failures="0" tests="1" name="automation.StandAloneTesNGImpl2Test" time="11.587" errors="0" timestamp="2025-03-12T20:28:10 WIB" skipped="0">
  <testcase classname="automation.StandAloneTesNGImpl2Test" name="createOrder" time="11.587"/>
</testsuite> <!-- automation.StandAloneTesNGImpl2Test -->
