<?xml version="1.0" encoding="UTF-8"?>
<!-- Generated by org.testng.reporters.JUnitReportReporter -->
<testsuite hostname="RGCWP16JWC" failures="0" tests="1" name="automation.StandAloneTesNGImpl2Test" time="12.457" errors="0" timestamp="2025-03-05T20:27:12 WIB" skipped="0">
  <testcase classname="automation.StandAloneTesNGImpl2Test" name="createOrder" time="12.457"/>
</testsuite> <!-- automation.StandAloneTesNGImpl2Test -->
